<?xml version="1.0" encoding="UTF-8"?>
<!-- Generated by org.testng.reporters.JUnitReportReporter -->
<testsuite skipped="0" hostname="Fahimuls-MacBook-Air.local" name="testcases.TestAmazonHome" tests="2" failures="0" timestamp="21 Sep 2017 03:53:21 GMT" time="34.747" errors="0">
  <testcase name="testSearchDropdownBoxWithSelect" time="15.692" classname="testcases.TestAmazonHome"/>
  <testcase name="testSearchFor" time="19.055" classname="testcases.TestAmazonHome"/>
</testsuite> <!-- testcases.TestAmazonHome -->
