<?xml version="1.0" encoding="UTF-8"?>
<!-- Generated by org.testng.reporters.JUnitReportReporter -->
<testsuite skipped="0" hostname="Fahimuls-MacBook-Air.local" name="testcases.TestHomePage" tests="1" failures="0" timestamp="16 Sep 2017 16:49:10 GMT" time="13.958" errors="0">
  <testcase name="testValidLoginFB" time="13.958" classname="testcases.TestHomePage"/>
</testsuite> <!-- testcases.TestHomePage -->
